\\client\d$\documents\uni stuff\2020t3 mtrn3500\assignments\ass02\assignment2\assignment2\opengl\release\vc142.pdb
\\client\d$\documents\uni stuff\2020t3 mtrn3500\assignments\ass02\assignment2\assignment2\opengl\release\.netframework,version=v4.6.1.assemblyattributes.obj
\\client\d$\documents\uni stuff\2020t3 mtrn3500\assignments\ass02\assignment2\assignment2\opengl\release\vehicle.obj
\\client\d$\documents\uni stuff\2020t3 mtrn3500\assignments\ass02\assignment2\assignment2\opengl\release\vectormaths.obj
\\client\d$\documents\uni stuff\2020t3 mtrn3500\assignments\ass02\assignment2\assignment2\opengl\release\shape.obj
\\client\d$\documents\uni stuff\2020t3 mtrn3500\assignments\ass02\assignment2\assignment2\opengl\release\quaternion.obj
\\client\d$\documents\uni stuff\2020t3 mtrn3500\assignments\ass02\assignment2\assignment2\opengl\release\myvehicle.obj
\\client\d$\documents\uni stuff\2020t3 mtrn3500\assignments\ass02\assignment2\assignment2\opengl\release\messages.obj
\\client\d$\documents\uni stuff\2020t3 mtrn3500\assignments\ass02\assignment2\assignment2\opengl\release\main.obj
\\client\d$\documents\uni stuff\2020t3 mtrn3500\assignments\ass02\assignment2\assignment2\opengl\release\keymanager.obj
\\client\d$\documents\uni stuff\2020t3 mtrn3500\assignments\ass02\assignment2\assignment2\opengl\release\hud.obj
\\client\d$\documents\uni stuff\2020t3 mtrn3500\assignments\ass02\assignment2\assignment2\opengl\release\ground.obj
\\client\d$\documents\uni stuff\2020t3 mtrn3500\assignments\ass02\assignment2\assignment2\opengl\release\frustum.obj
\\client\d$\documents\uni stuff\2020t3 mtrn3500\assignments\ass02\assignment2\assignment2\opengl\release\camera.obj
\\client\d$\documents\uni stuff\2020t3 mtrn3500\assignments\ass02\assignment2\assignment2\opengl\release\smobject.obj
c:\users\z5213864\appdata\local\temp\lnk{cd7edce0-d800-4df3-9883-1639e11f7d19}.tmp
c:\users\z5213864\appdata\local\temp\lnk{85a078b8-3d6b-49da-bf32-76e84838df72}.tmp
\\client\d$\documents\uni stuff\2020t3 mtrn3500\assignments\ass02\assignment2\assignment2\opengl\release\opengl.tlog\cl.command.1.tlog
\\client\d$\documents\uni stuff\2020t3 mtrn3500\assignments\ass02\assignment2\assignment2\opengl\release\opengl.tlog\cl.read.1.tlog
\\client\d$\documents\uni stuff\2020t3 mtrn3500\assignments\ass02\assignment2\assignment2\opengl\release\opengl.tlog\cl.write.1.tlog
\\client\d$\documents\uni stuff\2020t3 mtrn3500\assignments\ass02\assignment2\assignment2\opengl\release\opengl.tlog\link.14080-cvtres.read.1.tlog
\\client\d$\documents\uni stuff\2020t3 mtrn3500\assignments\ass02\assignment2\assignment2\opengl\release\opengl.tlog\link.14080-cvtres.write.1.tlog
\\client\d$\documents\uni stuff\2020t3 mtrn3500\assignments\ass02\assignment2\assignment2\opengl\release\opengl.tlog\link.14080-rc.read.1.tlog
\\client\d$\documents\uni stuff\2020t3 mtrn3500\assignments\ass02\assignment2\assignment2\opengl\release\opengl.tlog\link.14080-rc.write.1.tlog
\\client\d$\documents\uni stuff\2020t3 mtrn3500\assignments\ass02\assignment2\assignment2\opengl\release\opengl.tlog\link.14080.read.1.tlog
\\client\d$\documents\uni stuff\2020t3 mtrn3500\assignments\ass02\assignment2\assignment2\opengl\release\opengl.tlog\link.14080.write.1.tlog
\\client\d$\documents\uni stuff\2020t3 mtrn3500\assignments\ass02\assignment2\assignment2\opengl\release\opengl.tlog\metagen.read.1.tlog
\\client\d$\documents\uni stuff\2020t3 mtrn3500\assignments\ass02\assignment2\assignment2\opengl\release\opengl.tlog\metagen.write.1.tlog
