  SMObject.cpp
  Camera.cpp
\\Client\D$\Documents\Uni Stuff\2020T3 mtrn3500\Assignments\Ass02\assignment2\assignment2\OpenGL\Camera.cpp(42,37): warning C4305: '=': truncation from 'double' to 'float'
\\Client\D$\Documents\Uni Stuff\2020T3 mtrn3500\Assignments\Ass02\assignment2\assignment2\OpenGL\Camera.cpp(43,35): warning C4305: '=': truncation from 'double' to 'float'
\\Client\D$\Documents\Uni Stuff\2020T3 mtrn3500\Assignments\Ass02\assignment2\assignment2\OpenGL\Camera.cpp(84,62): warning C4244: '=': conversion from 'double' to 'float', possible loss of data
\\Client\D$\Documents\Uni Stuff\2020T3 mtrn3500\Assignments\Ass02\assignment2\assignment2\OpenGL\Camera.cpp(215,24): warning C4305: '*=': truncation from 'double' to 'float'
\\Client\D$\Documents\Uni Stuff\2020T3 mtrn3500\Assignments\Ass02\assignment2\assignment2\OpenGL\Camera.cpp(216,24): warning C4305: '*=': truncation from 'double' to 'float'
\\Client\D$\Documents\Uni Stuff\2020T3 mtrn3500\Assignments\Ass02\assignment2\assignment2\OpenGL\Camera.cpp(217,24): warning C4305: '*=': truncation from 'double' to 'float'
\\Client\D$\Documents\Uni Stuff\2020T3 mtrn3500\Assignments\Ass02\assignment2\assignment2\OpenGL\Camera.cpp(276,34): warning C4244: 'initializing': conversion from 'double' to 'float', possible loss of data
\\Client\D$\Documents\Uni Stuff\2020T3 mtrn3500\Assignments\Ass02\assignment2\assignment2\OpenGL\Camera.cpp(282,23): warning C4244: 'initializing': conversion from 'double' to 'float', possible loss of data
\\Client\D$\Documents\Uni Stuff\2020T3 mtrn3500\Assignments\Ass02\assignment2\assignment2\OpenGL\Camera.cpp(283,23): warning C4244: 'initializing': conversion from 'double' to 'float', possible loss of data
\\Client\D$\Documents\Uni Stuff\2020T3 mtrn3500\Assignments\Ass02\assignment2\assignment2\OpenGL\Camera.cpp(354,29): warning C4244: 'argument': conversion from 'double' to 'float', possible loss of data
\\Client\D$\Documents\Uni Stuff\2020T3 mtrn3500\Assignments\Ass02\assignment2\assignment2\OpenGL\Camera.cpp(398,27): warning C4244: 'initializing': conversion from 'double' to 'float', possible loss of data
\\Client\D$\Documents\Uni Stuff\2020T3 mtrn3500\Assignments\Ass02\assignment2\assignment2\OpenGL\Camera.cpp(399,31): warning C4244: 'initializing': conversion from 'double' to 'float', possible loss of data
\\Client\D$\Documents\Uni Stuff\2020T3 mtrn3500\Assignments\Ass02\assignment2\assignment2\OpenGL\Camera.cpp(434,61): warning C4244: '-=': conversion from 'double' to 'float', possible loss of data
\\Client\D$\Documents\Uni Stuff\2020T3 mtrn3500\Assignments\Ass02\assignment2\assignment2\OpenGL\Camera.cpp(439,61): warning C4244: '+=': conversion from 'double' to 'float', possible loss of data
\\Client\D$\Documents\Uni Stuff\2020T3 mtrn3500\Assignments\Ass02\assignment2\assignment2\OpenGL\Camera.cpp(443,11): warning C4101: 'new_dest_dir': unreferenced local variable
\\Client\D$\Documents\Uni Stuff\2020T3 mtrn3500\Assignments\Ass02\assignment2\assignment2\OpenGL\Camera.cpp(768,22): warning C4305: '=': truncation from 'double' to 'float'
\\Client\D$\Documents\Uni Stuff\2020T3 mtrn3500\Assignments\Ass02\assignment2\assignment2\OpenGL\Camera.cpp(769,31): warning C4305: '=': truncation from 'double' to 'float'
\\Client\D$\Documents\Uni Stuff\2020T3 mtrn3500\Assignments\Ass02\assignment2\assignment2\OpenGL\Camera.cpp(774,28): warning C4305: '=': truncation from 'double' to 'float'
\\Client\D$\Documents\Uni Stuff\2020T3 mtrn3500\Assignments\Ass02\assignment2\assignment2\OpenGL\Camera.cpp(775,29): warning C4305: '=': truncation from 'double' to 'float'
\\Client\D$\Documents\Uni Stuff\2020T3 mtrn3500\Assignments\Ass02\assignment2\assignment2\OpenGL\Camera.cpp(780,28): warning C4305: '=': truncation from 'double' to 'float'
\\Client\D$\Documents\Uni Stuff\2020T3 mtrn3500\Assignments\Ass02\assignment2\assignment2\OpenGL\Camera.cpp(781,28): warning C4305: '=': truncation from 'double' to 'float'
  Frustum.cpp
  Ground.cpp
\\Client\D$\Documents\Uni Stuff\2020T3 mtrn3500\Assignments\Ass02\assignment2\assignment2\OpenGL\Ground.cpp(21,16): warning C4244: 'argument': conversion from 'int' to 'GLfloat', possible loss of data
\\Client\D$\Documents\Uni Stuff\2020T3 mtrn3500\Assignments\Ass02\assignment2\assignment2\OpenGL\Ground.cpp(22,16): warning C4244: 'argument': conversion from 'int' to 'GLfloat', possible loss of data
\\Client\D$\Documents\Uni Stuff\2020T3 mtrn3500\Assignments\Ass02\assignment2\assignment2\OpenGL\Ground.cpp(24,26): warning C4244: 'argument': conversion from 'int' to 'GLfloat', possible loss of data
\\Client\D$\Documents\Uni Stuff\2020T3 mtrn3500\Assignments\Ass02\assignment2\assignment2\OpenGL\Ground.cpp(25,25): warning C4244: 'argument': conversion from 'int' to 'GLfloat', possible loss of data
  HUD.cpp
\\Client\D$\Documents\Uni Stuff\2020T3 mtrn3500\Assignments\Ass02\assignment2\assignment2\OpenGL\HUD.cpp(38,20): warning C4018: '<': signed/unsigned mismatch
  KeyManager.cpp
  main.cpp
  Messages.cpp
\\Client\D$\Documents\Uni Stuff\2020T3 mtrn3500\Assignments\Ass02\assignment2\assignment2\OpenGL\Messages.cpp(229,19): warning C4018: '<': signed/unsigned mismatch
  MyVehicle.cpp
  Quaternion.cpp
  Shape.cpp
  VectorMaths.cpp
\\Client\D$\Documents\Uni Stuff\2020T3 mtrn3500\Assignments\Ass02\assignment2\assignment2\OpenGL\VectorMaths.cpp(123,19): warning C4244: 'initializing': conversion from 'double' to 'float', possible loss of data
  Vehicle.cpp
  .NETFramework,Version=v4.6.1.AssemblyAttributes.cpp
  Generating Code...
  SMObject.obj : MSIL module encountered; incremental linking is disabled for MSIL; performing full link
MyVehicle.obj : warning LNK4248: unresolved typeref token (0100001B) for 'GLUquadric'; image may not run
  OpenGL.vcxproj -> H:\Executables\OpenGL.exe
